<?xml version="1.0" encoding="UTF-8"?>
<!-- Generated by org.testng.reporters.JUnitReportReporter -->
<testsuite skipped="0" hostname="LAPTOP-PDT2HLRG" name="pom.Test99GuruLogin" tests="1" failures="0" timestamp="2020-02-23T19:03:36 GMT+03:00" time="13.398" errors="0">
  <testcase name="test_Home_Page_Appear_Correct" time="13.398" classname="pom.Test99GuruLogin"/>
</testsuite> <!-- pom.Test99GuruLogin -->
