<?xml version="1.0" encoding="UTF-8"?>
<!-- Generated by org.testng.reporters.JUnitReportReporter -->
<testsuite skipped="0" hostname="LAPTOP-PDT2HLRG" name="testngparameter.ParameterByDataprovider" tests="3" failures="0" timestamp="2020-02-23T19:36:54 GMT+03:00" time="9.248" errors="0">
  <testcase name="testMethod" time="3.059" classname="testngparameter.ParameterByDataprovider"/>
  <testcase name="testMethod" time="3.109" classname="testngparameter.ParameterByDataprovider"/>
  <testcase name="testMethod" time="3.080" classname="testngparameter.ParameterByDataprovider"/>
</testsuite> <!-- testngparameter.ParameterByDataprovider -->
