<?xml version="1.0" encoding="UTF-8"?>
<!-- Generated by org.testng.reporters.JUnitReportReporter -->
<testsuite skipped="0" hostname="LAPTOP-PDT2HLRG" name="testngparameter.ParameterWithTestNGXML" tests="1" failures="0" timestamp="2020-02-23T19:34:05 GMT+03:00" time="9.528" errors="0">
  <testcase name="testParameterWithXML" time="9.528" classname="testngparameter.ParameterWithTestNGXML"/>
</testsuite> <!-- testngparameter.ParameterWithTestNGXML -->
