<?xml version="1.0" encoding="UTF-8"?>
<!-- Generated by org.testng.reporters.JUnitReportReporter -->
<testsuite skipped="0" hostname="LAPTOP-PDT2HLRG" name="firsttestngpackage.FirstTestNGFile" tests="2" failures="0" timestamp="2020-02-18T20:05:57 GMT+03:00" time="27.376" errors="0">
  <testcase name="register" time="12.987" classname="firsttestngpackage.FirstTestNGFile"/>
  <testcase name="support" time="14.389" classname="firsttestngpackage.FirstTestNGFile"/>
</testsuite> <!-- firsttestngpackage.FirstTestNGFile -->
